<?xml version="1.0" encoding="UTF-8"?>
<!-- Generated by org.testng.reporters.JUnitXMLReporter -->
<testsuite hostname="Fatihs-MacBook-Air.local" failures="0" tests="2" name="Test" time="54.228" errors="0" timestamp="27 Apr 2019 23:01:15 GMT">
  <testcase classname="com.github.sevcensokmen.eehotelbooking.runners.PositiveTest" name="feature" time="33.33"/>
  <testcase classname="com.github.sevcensokmen.eehotelbooking.runners.PositiveTest" name="feature" time="19.071"/>
</testsuite> <!-- Test -->
