<?xml version="1.0" encoding="UTF-8"?>
<testng-results total="2" passed="2" failed="0" skipped="0">
  <reporter-output>
  </reporter-output>
  <suite started-at="2019-04-27T23:00:21Z" name="Suite" finished-at="2019-04-27T23:01:15Z" duration-ms="54228">
    <groups>
      <group name="cucumber">
        <method signature="AbstractTestNGCucumberTests.feature(cucumber.api.testng.CucumberFeatureWrapper)[pri:0, instance:com.github.sevcensokmen.eehotelbooking.runners.PositiveTest@355ce81c]" name="feature" class="cucumber.api.testng.AbstractTestNGCucumberTests"/>
      </group> <!-- cucumber -->
    </groups>
    <test started-at="2019-04-27T23:00:21Z" name="Test" finished-at="2019-04-27T23:01:15Z" duration-ms="54228">
      <class name="com.github.sevcensokmen.eehotelbooking.runners.PositiveTest">
        <test-method is-config="true" signature="setUpClass()[pri:0, instance:com.github.sevcensokmen.eehotelbooking.runners.PositiveTest@355ce81c]" started-at="2019-04-28T00:00:21Z" name="setUpClass" finished-at="2019-04-28T00:00:22Z" duration-ms="543" status="PASS">
          <reporter-output>
          </reporter-output>
        </test-method> <!-- setUpClass -->
        <test-method is-config="true" signature="setup()[pri:0, instance:com.github.sevcensokmen.eehotelbooking.runners.PositiveTest@355ce81c]" started-at="2019-04-28T00:00:22Z" name="setup" finished-at="2019-04-28T00:00:23Z" duration-ms="972" status="PASS">
          <reporter-output>
          </reporter-output>
        </test-method> <!-- setup -->
        <test-method signature="feature(cucumber.api.testng.CucumberFeatureWrapper)[pri:0, instance:com.github.sevcensokmen.eehotelbooking.runners.PositiveTest@355ce81c]" started-at="2019-04-28T00:00:23Z" name="feature" description="Runs Cucumber Feature" data-provider="features" finished-at="2019-04-28T00:00:56Z" duration-ms="33330" status="PASS">
          <params>
            <param index="0">
              <value>
                <![CDATA[Acceptance testing to validate add customer is working.]]>
              </value>
            </param>
          </params>
          <reporter-output>
          </reporter-output>
        </test-method> <!-- feature -->
        <test-method signature="feature(cucumber.api.testng.CucumberFeatureWrapper)[pri:0, instance:com.github.sevcensokmen.eehotelbooking.runners.PositiveTest@355ce81c]" started-at="2019-04-28T00:00:56Z" name="feature" description="Runs Cucumber Feature" data-provider="features" finished-at="2019-04-28T00:01:15Z" duration-ms="19071" status="PASS">
          <params>
            <param index="0">
              <value>
                <![CDATA[Acceptance testing to validate delete customer is working.]]>
              </value>
            </param>
          </params>
          <reporter-output>
          </reporter-output>
        </test-method> <!-- feature -->
        <test-method is-config="true" signature="tearDownClass()[pri:0, instance:com.github.sevcensokmen.eehotelbooking.runners.PositiveTest@355ce81c]" started-at="2019-04-28T00:01:15Z" name="tearDownClass" finished-at="2019-04-28T00:01:15Z" duration-ms="140" status="PASS">
          <reporter-output>
          </reporter-output>
        </test-method> <!-- tearDownClass -->
      </class> <!-- com.github.sevcensokmen.eehotelbooking.runners.PositiveTest -->
    </test> <!-- Test -->
  </suite> <!-- Suite -->
</testng-results>
